android/app/proguard/seeds.txt
io.openim.flutter_openim_sdk.listener.OnBaseListener
io.openim.flutter_openim_sdk.FlutterOpenimSdkPlugin
io.openim.live.alert.flutter_openim_live_alert.R$layout
io.openim.flutter_openim_sdk.listener.OnConnListener
io.openim.flutter_openim_sdk.connectivity.ConnectivityListener$1
io.openim.MainActivity
io.openim.R$mipmap
io.openim.flutter_openim_sdk.listener.OnMsgSendListener
io.openim.flutter_openim_sdk.connectivity.ConnectivityListener$ConnectivityBroadcastReceiver
io.openim.flutter_openim_sdk.manager.BaseManager
io.openim.R$string
io.openim.flutter_openim_sdk.manager.FriendshipManager
io.openim.flutter_openim_sdk.manager.MessageManager
io.openim.flutter_openim_sdk.listener.OnUploadLogsListener
io.openim.flutter_openim_sdk.listener.OnConversationListener
io.openim.flutter_openim_sdk.util.JsonUtil
io.openim.flutter_openim_sdk.listener.OnGroupListener
io.openim.flutter_openim_sdk.manager.ConversationManager
io.openim.live.alert.flutter_openim_live_alert.FlutterOpenimLiveAlertPlugin
io.openim.flutter_openim_sdk.manager.GroupManager
io.openim.flutter_openim_sdk.listener.OnUserListener
io.openim.live.alert.flutter_openim_live_alert.R$drawable
io.openim.live.alert.flutter_openim_live_alert.services.CallService
io.openim.flutter_openim_sdk.listener.OnFriendshipListener
io.openim.flutter_openim_sdk.connectivity.VisibilityListener
io.openim.live.alert.flutter_openim_live_alert.R
io.openim.flutter_openim_sdk.manager.IMManager
io.openim.R$xml
io.openim.live.alert.flutter_openim_live_alert.utils.Utils
io.openim.flutter_openim_sdk.connectivity.Connectivity
io.openim.flutter_openim_sdk.R
io.openim.R$drawable
io.openim.live.alert.flutter_openim_live_alert.R$id
io.openim.flutter_openim_sdk.connectivity.ConnectivityListener
io.openim.flutter_openim_sdk.manager.UserManager
io.openim.R$color
io.openim.flutter_openim_sdk.util.CommonUtil
io.openim.R$style
io.openim.flutter_openim_sdk.listener.OnUploadFileListener
io.openim.flutter_openim_sdk.listener.OnCustomBusinessListener
io.openim.R
io.openim.flutter_openim_sdk.listener.OnAdvancedMsgListener
io.openim.flutter_openim_sdk.connectivity.ConnectivityListener$ConnectivityBroadcastReceiver: io.openim.flutter_openim_sdk.connectivity.ConnectivityListener listener
io.openim.flutter_openim_sdk.connectivity.Connectivity: android.net.ConnectivityManager connectivityManager
io.openim.flutter_openim_sdk.FlutterOpenimSdkPlugin: android.app.Activity activity
io.openim.R$style: int LaunchTheme
io.openim.flutter_openim_sdk.FlutterOpenimSdkPlugin: io.openim.flutter_openim_sdk.manager.FriendshipManager friendshipManager
io.openim.live.alert.flutter_openim_live_alert.R$drawable: int reject_button_sel
io.openim.flutter_openim_sdk.util.CommonUtil: android.os.Handler MAIN_HANDLER
io.openim.live.alert.flutter_openim_live_alert.R$id: int btn_reject
io.openim.R$xml: int file_paths
io.openim.flutter_openim_sdk.listener.OnUploadFileListener: java.lang.Object id
io.openim.flutter_openim_sdk.listener.OnBaseListener: io.flutter.plugin.common.MethodChannel$Result result
io.openim.flutter_openim_sdk.connectivity.Connectivity: java.lang.String CONNECTIVITY_WIFI
io.openim.flutter_openim_sdk.connectivity.Connectivity: java.lang.String CONNECTIVITY_VPN
io.openim.live.alert.flutter_openim_live_alert.R$drawable: int call_background
io.openim.live.alert.flutter_openim_live_alert.R$id: int tv_title
io.openim.flutter_openim_sdk.connectivity.ConnectivityListener$1: io.openim.flutter_openim_sdk.connectivity.ConnectivityListener this$0
io.openim.flutter_openim_sdk.FlutterOpenimSdkPlugin: io.openim.flutter_openim_sdk.manager.GroupManager groupManager
io.openim.live.alert.flutter_openim_live_alert.services.CallService: android.widget.TextView mAcceptButton
io.openim.live.alert.flutter_openim_live_alert.FlutterOpenimLiveAlertPlugin: android.content.Context context
io.openim.R$drawable: int background
io.openim.flutter_openim_sdk.manager.IMManager: java.lang.Object SDK_INIT_LOCK
io.openim.R$string: int google_app_id
...
androidx.asynclayoutinflater.R$styleable: int GradientColor_android_centerX
com.google.zxing.pdf417.PDF417ResultMetadata: java.lang.String sender
androidx.media3.exoplayer.R$dimen: int notification_top_pad_large_text
com.yalantis.ucrop.R$attr: int commitIcon
org.apache.tika.config.TikaConfig: java.lang.String MAX_JSON_STRING_FIELD_LENGTH_ELEMENT_NAME
androidx.appcompat.R$styleable: int MenuGroup_android_checkableBehavior
com.bumptech.glide.R$styleable: int SwitchCompat_splitTrack
org.apache.tika.fork.ContentHandlerProxy: long serialVersionUID
com.dexterous.flutterlocalnotifications.FlutterLocalNotificationsPlugin: java.lang.String INITIALIZE_METHOD
androidx.biometric.R$style: int TextAppearance_AppCompat_Widget_Button_Borderless_Colored
androidx.core.R$id: int line3
androidx.media3.exoplayer.rtsp.R$styleable: int FontFamily_fontProviderSystemFontFamily
androidx.datastore.preferences.core.PreferencesKt$edit$2: kotlin.jvm.functions.Function2 $transform
com.google.zxing.pdf417.encoder.PDF417HighLevelEncoder: int ECI_CHARSET
androidx.transition.R$style: int Widget_AppCompat_Spinner_DropDown
android.support.v4.media.MediaDescriptionCompat: long BT_FOLDER_TYPE_PLAYLISTS
org.apache.tika.pipes.FetchEmitTuple$ON_PARSE_EXCEPTION: org.apache.tika.pipes.FetchEmitTuple$ON_PARSE_EXCEPTION SKIP
com.yalantis.ucrop.R$style: int Base_Widget_AppCompat_AutoCompleteTextView
com.dexterous.flutterlocalnotifications.models.NotificationDetails: java.lang.Boolean onlyAlertOnce
com.google.zxing.common.CharacterSetECI: com.google.zxing.common.CharacterSetECI ISO8859_10
androidx.appcompat.R$color: int abc_secondary_text_material_light
com.bumptech.glide.R$dimen: int abc_action_bar_subtitle_bottom_margin_material
android.support.v4.media.MediaMetadataCompat: java.lang.String METADATA_KEY_COMPILATION
com.yalantis.ucrop.R$drawable: int abc_control_background_material
com.google.firebase.installations.interop.R$styleable: int FontFamilyFont_android_ttcIndex
androidx.transition.R$attr: int subMenuArrow
com.google.zxing.aztec.detector.Detector: int[] EXPECTED_CORNER_BITS
androidx.media3.exoplayer.hls.R$styleable: int GradientColor_android_endY
org.apache.tika.detect.FileCommandDetector: org.apache.tika.metadata.Property FILE_MIME
com.cloudwebrtc.webrtc.DataChannelObserver: boolean disposed
androidx.datastore.preferences.protobuf.RopeByteString: androidx.datastore.preferences.protobuf.ByteString right
com.google.common.collect.ImmutableRangeSet$1: com.google.common.collect.ImmutableRangeSet this$0
org.apache.tika.metadata.DublinCore: org.apache.tika.metadata.Property FORMAT
androidx.biometric.R$style: int TextAppearance_AppCompat_Widget_ActionBar_Menu
android.support.v4.os.ResultReceiver$MyRunnable: android.support.v4.os.ResultReceiver this$0
org.apache.tika.metadata.Office: org.apache.tika.metadata.Property PRINT_DATE
org.apache.tika.metadata.MachineMetadata: java.lang.String MACHINE_UNKNOWN
com.google.zxing.qrcode.detector.AlignmentPatternFinder: int width
androidx.transition.R$style: int Widget_AppCompat_SearchView_ActionBar
com.dexterous.flutterlocalnotifications.models.NotificationDetails: java.lang.String SET_AS_GROUP_SUMMARY
com.bumptech.glide.R$styleable: int[] StateListDrawable
com.google.gson.stream.MalformedJsonException: long serialVersionUID
com.yalantis.ucrop.UCrop$Options: java.lang.String EXTRA_SHOW_CROP_GRID
com.cloudwebrtc.webrtc.CameraEventsHandler$CameraState: com.cloudwebrtc.webrtc.CameraEventsHandler$CameraState NEW
io.flutter.embedding.android.TransparencyMode: io.flutter.embedding.android.TransparencyMode transparent
androidx.asynclayoutinflater.R$style: int TextAppearance_Compat_Notification_Time
androidx.appcompat.R$styleable: int ActionBar_progressBarStyle
com.yalantis.ucrop.R$styleable: int FontFamilyFont_fontStyle
androidx.datastore.preferences.protobuf.WireFormat$JavaType: androidx.datastore.preferences.protobuf.WireFormat$JavaType MESSAGE
androidx.transition.R$dimen: int abc_text_size_title_material