android/app/proguard/unused.txt
androidx.camera.camera2.internal.Camera2PhysicalCameraInfoImpl
androidx.camera.camera2.internal.Camera2RequestProcessor
androidx.camera.camera2.internal.CaptureSession:
    public final androidx.camera.camera2.interop.Camera2CaptureRequestConfigurator mCaptureRequestConfigurator
    public void <init>(androidx.camera.camera2.internal.compat.params.DynamicRangesCompat,boolean,androidx.camera.camera2.interop.Camera2CaptureRequestConfigurator)
androidx.camera.camera2.internal.ProcessingCaptureSession$$InternalSyntheticLambda$10$c98a640274fb7d532826cfa09f54f6e772044a38fb5fbdccfe7d62b58c3a22b7$0
androidx.camera.camera2.internal.ProcessingCaptureSession$$InternalSyntheticLambda$10$c98a640274fb7d532826cfa09f54f6e772044a38fb5fbdccfe7d62b58c3a22b7$1
androidx.camera.camera2.internal.ProcessingCaptureSession$$InternalSyntheticLambda$9$56e6da57d68d12480066fa64af2b36b4e507017d1290b8b8a6d1102f76f6fb11$0
androidx.camera.camera2.internal.ProcessingCaptureSession$$InternalSyntheticLambda$9$879e1462aa43474047009b327053e3cad7a7622dcce21206669a07f95d51bc28$0
androidx.camera.camera2.internal.ProcessingCaptureSession$$InternalSyntheticLambda$9$879e1462aa43474047009b327053e3cad7a7622dcce21206669a07f95d51bc28$1
androidx.camera.camera2.internal.ProcessingCaptureSession$$InternalSyntheticThrowCCEIfNotNull$22$5b72919975c5f613686d632b9953a251d109425489850bc55ad9508e1a1df0a3$0
androidx.camera.camera2.internal.ProcessingCaptureSession$1
androidx.camera.camera2.internal.ProcessingCaptureSession$CaptureCallbackAdapter
androidx.camera.camera2.internal.ProcessingCaptureSession$ProcessorState
androidx.camera.camera2.internal.ProcessingCaptureSession$SessionProcessorCaptureCallback
androidx.camera.camera2.internal.ProcessingCaptureSession
androidx.camera.camera2.internal.ZslControlNoOpImpl
androidx.camera.camera2.internal.compat.CameraDeviceCompatBaseImpl:
    public static androidx.camera.camera2.internal.compat.CameraDeviceCompatBaseImpl create(android.hardware.camera2.CameraDevice,android.os.Handler)
    public void createCaptureSession(androidx.camera.camera2.internal.compat.params.SessionConfigurationCompat)
androidx.camera.camera2.internal.compat.StreamConfigurationMapCompatBaseImpl:
    public long getOutputMinFrameDuration(int,android.util.Size)
    public android.util.Size[] getOutputSizes(int)
androidx.camera.camera2.interop.Camera2CameraInfo$$InternalSyntheticThrowCCEIfNotNull$22$bfa082f2814bd17c95e73f8fdc2996cf1dd4d6bc030dbc1997b5832fadf6017f$0
androidx.camera.camera2.interop.Camera2CameraInfo:
    public androidx.camera.camera2.internal.Camera2PhysicalCameraInfoImpl mCamera2PhysicalCameraInfo
    public void <init>(androidx.camera.camera2.internal.Camera2CameraInfoImpl,java.util.List)
androidx.camera.camera2.interop.Camera2CaptureRequestConfigurator:
    public abstract void configureWith(android.hardware.camera2.CaptureRequest)
androidx.camera.core.CameraEffect:
    public abstract androidx.camera.core.processing.SurfaceProcessorInternal createSurfaceProcessorInternal()
    public abstract androidx.core.util.Consumer getErrorListener()
    public abstract java.util.concurrent.Executor getExecutor()
    public abstract androidx.camera.core.ImageProcessor getImageProcessor()
    public abstract int getOutputOption()
    public abstract int getTargets()
    public abstract int getTransformation()
androidx.camera.core.CameraPresenceListener
androidx.camera.core.ImageCapture$OnImageCapturedCallback:
    public abstract void onCaptureProcessProgressed(int)
    public abstract void onCaptureStarted()
    public abstract void onCaptureSuccess(androidx.camera.core.ImageProxy)
    public abstract void onError(androidx.camera.core.ImageCaptureException)
    public abstract void onPostviewBitmapAvailable(android.graphics.Bitmap)
androidx.camera.core.ImageCapture:
    public final boolean isPostviewImageFormatSupported(java.util.Map,int)
androidx.camera.core.ImageProcessor$Response:
    public abstract androidx.camera.core.ImageProxy getOutputImage()